<?xml version="1.0" encoding="UTF-8"?>
<testsuite xmlns:xsi="http://www.w3.org/2001/XMLSchema-instance" xsi:noNamespaceSchemaLocation="https://maven.apache.org/surefire/maven-surefire-plugin/xsd/surefire-test-report.xsd" name="com.sitrack.app.controller.ControllerTest" time="0.181" tests="9" errors="0" skipped="0" failures="0">
  <properties>
[...]
</properties>
  <testcase name="testValidateURLTrue" classname="com.sitrack.app.controller.ControllerTest" time="0.076"/>
  <testcase name="testGetWordsInSentence" classname="com.sitrack.app.controller.ControllerTest" time="0.004"/>
  <testcase name="testClearStringSymbols" classname="com.sitrack.app.controller.ControllerTest" time="0.063"/>
  <testcase name="testClearStringMinMay" classname="com.sitrack.app.controller.ControllerTest" time="0.001"/>
  <testcase name="testClearStringAccents" classname="com.sitrack.app.controller.ControllerTest" time="0.001"/>
  <testcase name="testCountString" classname="com.sitrack.app.controller.ControllerTest" time="0.003"/>
  <testcase name="testAddWordsAmountList" classname="com.sitrack.app.controller.ControllerTest" time="0.001"/>
  <testcase name="testAddWordsList" classname="com.sitrack.app.controller.ControllerTest" time="0"/>
  <testcase name="testValidateURLFalse" classname="com.sitrack.app.controller.ControllerTest" time="0.002"/>
</testsuite>